Writing PID to tmp/pids/thin.3003.pid
Using rack adapter
Thin web server (v1.6.2 codename Doc Brown)
Maximum connections set to 1024
Listening on 0.0.0.0:3003, CTRL+C to stop
Exiting!
Writing PID to tmp/pids/thin.3003.pid
Using rack adapter
Thin web server (v1.6.2 codename Doc Brown)
Maximum connections set to 1024
Listening on 0.0.0.0:3003, CTRL+C to stop
Waiting for 1 connection(s) to finish, can take up to 30 sec, CTRL+C to stop now
Writing PID to tmp/pids/thin.3003.pid
Using rack adapter
Thin web server (v1.6.2 codename Doc Brown)
Maximum connections set to 1024
Listening on 0.0.0.0:3003, CTRL+C to stop
Exiting!
Writing PID to tmp/pids/thin.3003.pid
Using rack adapter
Thin web server (v1.6.2 codename Doc Brown)
Maximum connections set to 1024
Listening on 0.0.0.0:3003, CTRL+C to stop
Exiting!
Writing PID to tmp/pids/thin.3003.pid
Using rack adapter
Thin web server (v1.6.2 codename Doc Brown)
Maximum connections set to 1024
Listening on 0.0.0.0:3003, CTRL+C to stop
NameError - uninitialized constant Rabbid::App::Messages:
	/home/geo/rabbid/rabbid/lib/rabbid/app.rb:21:in `block (2 levels) in <class:App>'
	/home/geo/rabbid/rabbid/lib/rabbid/app.rb:7:in `with'
	/home/geo/rabbid/rabbid/lib/rabbid/app.rb:17:in `block in <class:App>'
	/home/geo/.rvm/gems/ruby-2.1.1/gems/sinatra-1.4.4/lib/sinatra/base.rb:1593:in `call'
	/home/geo/.rvm/gems/ruby-2.1.1/gems/sinatra-1.4.4/lib/sinatra/base.rb:1593:in `block in compile!'
	/home/geo/.rvm/gems/ruby-2.1.1/gems/sinatra-1.4.4/lib/sinatra/base.rb:957:in `[]'
	/home/geo/.rvm/gems/ruby-2.1.1/gems/sinatra-1.4.4/lib/sinatra/base.rb:957:in `block (3 levels) in route!'
	/home/geo/.rvm/gems/ruby-2.1.1/gems/sinatra-1.4.4/lib/sinatra/base.rb:976:in `route_eval'
	/home/geo/.rvm/gems/ruby-2.1.1/gems/sinatra-1.4.4/lib/sinatra/base.rb:957:in `block (2 levels) in route!'
	/home/geo/.rvm/gems/ruby-2.1.1/gems/sinatra-1.4.4/lib/sinatra/base.rb:997:in `block in process_route'
	/home/geo/.rvm/gems/ruby-2.1.1/gems/sinatra-1.4.4/lib/sinatra/base.rb:995:in `catch'
	/home/geo/.rvm/gems/ruby-2.1.1/gems/sinatra-1.4.4/lib/sinatra/base.rb:995:in `process_route'
	/home/geo/.rvm/gems/ruby-2.1.1/gems/sinatra-1.4.4/lib/sinatra/base.rb:955:in `block in route!'
	/home/geo/.rvm/gems/ruby-2.1.1/gems/sinatra-1.4.4/lib/sinatra/base.rb:954:in `each'
	/home/geo/.rvm/gems/ruby-2.1.1/gems/sinatra-1.4.4/lib/sinatra/base.rb:954:in `route!'
	/home/geo/.rvm/gems/ruby-2.1.1/gems/sinatra-1.4.4/lib/sinatra/base.rb:1067:in `block in dispatch!'
	/home/geo/.rvm/gems/ruby-2.1.1/gems/sinatra-1.4.4/lib/sinatra/base.rb:1049:in `block in invoke'
	/home/geo/.rvm/gems/ruby-2.1.1/gems/sinatra-1.4.4/lib/sinatra/base.rb:1049:in `catch'
	/home/geo/.rvm/gems/ruby-2.1.1/gems/sinatra-1.4.4/lib/sinatra/base.rb:1049:in `invoke'
	/home/geo/.rvm/gems/ruby-2.1.1/gems/sinatra-1.4.4/lib/sinatra/base.rb:1064:in `dispatch!'
	/home/geo/.rvm/gems/ruby-2.1.1/gems/sinatra-1.4.4/lib/sinatra/base.rb:889:in `block in call!'
	/home/geo/.rvm/gems/ruby-2.1.1/gems/sinatra-1.4.4/lib/sinatra/base.rb:1049:in `block in invoke'
	/home/geo/.rvm/gems/ruby-2.1.1/gems/sinatra-1.4.4/lib/sinatra/base.rb:1049:in `catch'
	/home/geo/.rvm/gems/ruby-2.1.1/gems/sinatra-1.4.4/lib/sinatra/base.rb:1049:in `invoke'
	/home/geo/.rvm/gems/ruby-2.1.1/gems/sinatra-1.4.4/lib/sinatra/base.rb:889:in `call!'
	/home/geo/.rvm/gems/ruby-2.1.1/gems/sinatra-1.4.4/lib/sinatra/base.rb:877:in `call'
	/home/geo/.rvm/gems/ruby-2.1.1/gems/rack-protection-1.5.2/lib/rack/protection/xss_header.rb:18:in `call'
	/home/geo/.rvm/gems/ruby-2.1.1/gems/rack-protection-1.5.2/lib/rack/protection/path_traversal.rb:16:in `call'
	/home/geo/.rvm/gems/ruby-2.1.1/gems/rack-protection-1.5.2/lib/rack/protection/json_csrf.rb:18:in `call'
	/home/geo/.rvm/gems/ruby-2.1.1/gems/rack-protection-1.5.2/lib/rack/protection/base.rb:50:in `call'
	/home/geo/.rvm/gems/ruby-2.1.1/gems/rack-protection-1.5.2/lib/rack/protection/base.rb:50:in `call'
	/home/geo/.rvm/gems/ruby-2.1.1/gems/rack-protection-1.5.2/lib/rack/protection/frame_options.rb:31:in `call'
	/home/geo/.rvm/gems/ruby-2.1.1/gems/rack-1.5.2/lib/rack/nulllogger.rb:9:in `call'
	/home/geo/.rvm/gems/ruby-2.1.1/gems/rack-1.5.2/lib/rack/head.rb:11:in `call'
	/home/geo/.rvm/gems/ruby-2.1.1/gems/sinatra-1.4.4/lib/sinatra/show_exceptions.rb:21:in `call'
	/home/geo/.rvm/gems/ruby-2.1.1/gems/sinatra-1.4.4/lib/sinatra/base.rb:180:in `call'
	/home/geo/.rvm/gems/ruby-2.1.1/gems/sinatra-1.4.4/lib/sinatra/base.rb:2004:in `call'
	/home/geo/.rvm/gems/ruby-2.1.1/gems/sinatra-1.4.4/lib/sinatra/base.rb:1469:in `block in call'
	/home/geo/.rvm/gems/ruby-2.1.1/gems/sinatra-1.4.4/lib/sinatra/base.rb:1778:in `synchronize'
	/home/geo/.rvm/gems/ruby-2.1.1/gems/sinatra-1.4.4/lib/sinatra/base.rb:1469:in `call'
	/home/geo/.rvm/gems/ruby-2.1.1/gems/thin-1.6.2/lib/thin/connection.rb:86:in `block in pre_process'
	/home/geo/.rvm/gems/ruby-2.1.1/gems/thin-1.6.2/lib/thin/connection.rb:84:in `catch'
	/home/geo/.rvm/gems/ruby-2.1.1/gems/thin-1.6.2/lib/thin/connection.rb:84:in `pre_process'
	/home/geo/.rvm/gems/ruby-2.1.1/gems/thin-1.6.2/lib/thin/connection.rb:53:in `process'
	/home/geo/.rvm/gems/ruby-2.1.1/gems/thin-1.6.2/lib/thin/connection.rb:39:in `receive_data'
	/home/geo/.rvm/gems/ruby-2.1.1/gems/eventmachine-1.0.3/lib/eventmachine.rb:187:in `run_machine'
	/home/geo/.rvm/gems/ruby-2.1.1/gems/eventmachine-1.0.3/lib/eventmachine.rb:187:in `run'
	/home/geo/.rvm/gems/ruby-2.1.1/gems/thin-1.6.2/lib/thin/backends/base.rb:73:in `start'
	/home/geo/.rvm/gems/ruby-2.1.1/gems/thin-1.6.2/lib/thin/server.rb:162:in `start'
	/home/geo/.rvm/gems/ruby-2.1.1/gems/thin-1.6.2/lib/thin/controllers/controller.rb:87:in `start'
	/home/geo/.rvm/gems/ruby-2.1.1/gems/thin-1.6.2/lib/thin/runner.rb:199:in `run_command'
	/home/geo/.rvm/gems/ruby-2.1.1/gems/thin-1.6.2/lib/thin/runner.rb:155:in `run!'
	/home/geo/.rvm/gems/ruby-2.1.1/gems/thin-1.6.2/bin/thin:6:in `<top (required)>'
	/home/geo/.rvm/gems/ruby-2.1.1/bin/thin:23:in `load'
	/home/geo/.rvm/gems/ruby-2.1.1/bin/thin:23:in `<main>'
	/home/geo/.rvm/gems/ruby-2.1.1/bin/ruby_executable_hooks:15:in `eval'
	/home/geo/.rvm/gems/ruby-2.1.1/bin/ruby_executable_hooks:15:in `<main>'
NameError - uninitialized constant Rabbid::App::Messages:
	/home/geo/rabbid/rabbid/lib/rabbid/app.rb:21:in `block (2 levels) in <class:App>'
	/home/geo/rabbid/rabbid/lib/rabbid/app.rb:7:in `with'
	/home/geo/rabbid/rabbid/lib/rabbid/app.rb:17:in `block in <class:App>'
	/home/geo/.rvm/gems/ruby-2.1.1/gems/sinatra-1.4.4/lib/sinatra/base.rb:1593:in `call'
	/home/geo/.rvm/gems/ruby-2.1.1/gems/sinatra-1.4.4/lib/sinatra/base.rb:1593:in `block in compile!'
	/home/geo/.rvm/gems/ruby-2.1.1/gems/sinatra-1.4.4/lib/sinatra/base.rb:957:in `[]'
	/home/geo/.rvm/gems/ruby-2.1.1/gems/sinatra-1.4.4/lib/sinatra/base.rb:957:in `block (3 levels) in route!'
	/home/geo/.rvm/gems/ruby-2.1.1/gems/sinatra-1.4.4/lib/sinatra/base.rb:976:in `route_eval'
	/home/geo/.rvm/gems/ruby-2.1.1/gems/sinatra-1.4.4/lib/sinatra/base.rb:957:in `block (2 levels) in route!'
	/home/geo/.rvm/gems/ruby-2.1.1/gems/sinatra-1.4.4/lib/sinatra/base.rb:997:in `block in process_route'
	/home/geo/.rvm/gems/ruby-2.1.1/gems/sinatra-1.4.4/lib/sinatra/base.rb:995:in `catch'
	/home/geo/.rvm/gems/ruby-2.1.1/gems/sinatra-1.4.4/lib/sinatra/base.rb:995:in `process_route'
	/home/geo/.rvm/gems/ruby-2.1.1/gems/sinatra-1.4.4/lib/sinatra/base.rb:955:in `block in route!'
	/home/geo/.rvm/gems/ruby-2.1.1/gems/sinatra-1.4.4/lib/sinatra/base.rb:954:in `each'
	/home/geo/.rvm/gems/ruby-2.1.1/gems/sinatra-1.4.4/lib/sinatra/base.rb:954:in `route!'
	/home/geo/.rvm/gems/ruby-2.1.1/gems/sinatra-1.4.4/lib/sinatra/base.rb:1067:in `block in dispatch!'
	/home/geo/.rvm/gems/ruby-2.1.1/gems/sinatra-1.4.4/lib/sinatra/base.rb:1049:in `block in invoke'
	/home/geo/.rvm/gems/ruby-2.1.1/gems/sinatra-1.4.4/lib/sinatra/base.rb:1049:in `catch'
	/home/geo/.rvm/gems/ruby-2.1.1/gems/sinatra-1.4.4/lib/sinatra/base.rb:1049:in `invoke'
	/home/geo/.rvm/gems/ruby-2.1.1/gems/sinatra-1.4.4/lib/sinatra/base.rb:1064:in `dispatch!'
	/home/geo/.rvm/gems/ruby-2.1.1/gems/sinatra-1.4.4/lib/sinatra/base.rb:889:in `block in call!'
	/home/geo/.rvm/gems/ruby-2.1.1/gems/sinatra-1.4.4/lib/sinatra/base.rb:1049:in `block in invoke'
	/home/geo/.rvm/gems/ruby-2.1.1/gems/sinatra-1.4.4/lib/sinatra/base.rb:1049:in `catch'
	/home/geo/.rvm/gems/ruby-2.1.1/gems/sinatra-1.4.4/lib/sinatra/base.rb:1049:in `invoke'
	/home/geo/.rvm/gems/ruby-2.1.1/gems/sinatra-1.4.4/lib/sinatra/base.rb:889:in `call!'
	/home/geo/.rvm/gems/ruby-2.1.1/gems/sinatra-1.4.4/lib/sinatra/base.rb:877:in `call'
	/home/geo/.rvm/gems/ruby-2.1.1/gems/rack-protection-1.5.2/lib/rack/protection/xss_header.rb:18:in `call'
	/home/geo/.rvm/gems/ruby-2.1.1/gems/rack-protection-1.5.2/lib/rack/protection/path_traversal.rb:16:in `call'
	/home/geo/.rvm/gems/ruby-2.1.1/gems/rack-protection-1.5.2/lib/rack/protection/json_csrf.rb:18:in `call'
	/home/geo/.rvm/gems/ruby-2.1.1/gems/rack-protection-1.5.2/lib/rack/protection/base.rb:50:in `call'
	/home/geo/.rvm/gems/ruby-2.1.1/gems/rack-protection-1.5.2/lib/rack/protection/base.rb:50:in `call'
	/home/geo/.rvm/gems/ruby-2.1.1/gems/rack-protection-1.5.2/lib/rack/protection/frame_options.rb:31:in `call'
	/home/geo/.rvm/gems/ruby-2.1.1/gems/rack-1.5.2/lib/rack/nulllogger.rb:9:in `call'
	/home/geo/.rvm/gems/ruby-2.1.1/gems/rack-1.5.2/lib/rack/head.rb:11:in `call'
	/home/geo/.rvm/gems/ruby-2.1.1/gems/sinatra-1.4.4/lib/sinatra/show_exceptions.rb:21:in `call'
	/home/geo/.rvm/gems/ruby-2.1.1/gems/sinatra-1.4.4/lib/sinatra/base.rb:180:in `call'
	/home/geo/.rvm/gems/ruby-2.1.1/gems/sinatra-1.4.4/lib/sinatra/base.rb:2004:in `call'
	/home/geo/.rvm/gems/ruby-2.1.1/gems/sinatra-1.4.4/lib/sinatra/base.rb:1469:in `block in call'
	/home/geo/.rvm/gems/ruby-2.1.1/gems/sinatra-1.4.4/lib/sinatra/base.rb:1778:in `synchronize'
	/home/geo/.rvm/gems/ruby-2.1.1/gems/sinatra-1.4.4/lib/sinatra/base.rb:1469:in `call'
	/home/geo/.rvm/gems/ruby-2.1.1/gems/thin-1.6.2/lib/thin/connection.rb:86:in `block in pre_process'
	/home/geo/.rvm/gems/ruby-2.1.1/gems/thin-1.6.2/lib/thin/connection.rb:84:in `catch'
	/home/geo/.rvm/gems/ruby-2.1.1/gems/thin-1.6.2/lib/thin/connection.rb:84:in `pre_process'
	/home/geo/.rvm/gems/ruby-2.1.1/gems/thin-1.6.2/lib/thin/connection.rb:53:in `process'
	/home/geo/.rvm/gems/ruby-2.1.1/gems/thin-1.6.2/lib/thin/connection.rb:39:in `receive_data'
	/home/geo/.rvm/gems/ruby-2.1.1/gems/eventmachine-1.0.3/lib/eventmachine.rb:187:in `run_machine'
	/home/geo/.rvm/gems/ruby-2.1.1/gems/eventmachine-1.0.3/lib/eventmachine.rb:187:in `run'
	/home/geo/.rvm/gems/ruby-2.1.1/gems/thin-1.6.2/lib/thin/backends/base.rb:73:in `start'
	/home/geo/.rvm/gems/ruby-2.1.1/gems/thin-1.6.2/lib/thin/server.rb:162:in `start'
	/home/geo/.rvm/gems/ruby-2.1.1/gems/thin-1.6.2/lib/thin/controllers/controller.rb:87:in `start'
	/home/geo/.rvm/gems/ruby-2.1.1/gems/thin-1.6.2/lib/thin/runner.rb:199:in `run_command'
	/home/geo/.rvm/gems/ruby-2.1.1/gems/thin-1.6.2/lib/thin/runner.rb:155:in `run!'
	/home/geo/.rvm/gems/ruby-2.1.1/gems/thin-1.6.2/bin/thin:6:in `<top (required)>'
	/home/geo/.rvm/gems/ruby-2.1.1/bin/thin:23:in `load'
	/home/geo/.rvm/gems/ruby-2.1.1/bin/thin:23:in `<main>'
	/home/geo/.rvm/gems/ruby-2.1.1/bin/ruby_executable_hooks:15:in `eval'
	/home/geo/.rvm/gems/ruby-2.1.1/bin/ruby_executable_hooks:15:in `<main>'
Exiting!
Writing PID to tmp/pids/thin.3003.pid
Using rack adapter
Thin web server (v1.6.2 codename Doc Brown)
Maximum connections set to 1024
Listening on 0.0.0.0:3003, CTRL+C to stop
Exiting!
Writing PID to tmp/pids/thin.3003.pid
Using rack adapter
Thin web server (v1.6.2 codename Doc Brown)
Maximum connections set to 1024
Listening on 0.0.0.0:3003, CTRL+C to stop
ThreadError - can't create Thread: Resource temporarily unavailable:
	/home/geo/.rvm/rubies/ruby-2.1.1/lib/ruby/2.1.0/timeout.rb:82:in `start'
	/home/geo/.rvm/rubies/ruby-2.1.1/lib/ruby/2.1.0/timeout.rb:82:in `block in timeout'
	/home/geo/.rvm/rubies/ruby-2.1.1/lib/ruby/2.1.0/timeout.rb:101:in `call'
	/home/geo/.rvm/rubies/ruby-2.1.1/lib/ruby/2.1.0/timeout.rb:101:in `timeout'
	/home/geo/.rvm/gems/ruby-2.1.1/gems/bunny-1.1.8/lib/bunny/transport.rb:105:in `write'
	/home/geo/.rvm/gems/ruby-2.1.1/gems/bunny-1.1.8/lib/bunny/transport.rb:154:in `send_frame'
	/home/geo/.rvm/gems/ruby-2.1.1/gems/bunny-1.1.8/lib/bunny/session.rb:481:in `block in close_channel'
	/home/geo/.rvm/rubies/ruby-2.1.1/lib/ruby/2.1.0/monitor.rb:211:in `mon_synchronize'
	/home/geo/.rvm/gems/ruby-2.1.1/gems/bunny-1.1.8/lib/bunny/session.rb:478:in `close_channel'
	/home/geo/.rvm/gems/ruby-2.1.1/gems/bunny-1.1.8/lib/bunny/channel.rb:230:in `close'
	/home/geo/.rvm/gems/ruby-2.1.1/gems/bunny-1.1.8/lib/bunny/session.rb:493:in `block (2 levels) in close_all_channels'
	/home/geo/.rvm/rubies/ruby-2.1.1/lib/ruby/2.1.0/timeout.rb:91:in `block in timeout'
	/home/geo/.rvm/rubies/ruby-2.1.1/lib/ruby/2.1.0/timeout.rb:101:in `call'
	/home/geo/.rvm/rubies/ruby-2.1.1/lib/ruby/2.1.0/timeout.rb:101:in `timeout'
	/home/geo/.rvm/gems/ruby-2.1.1/gems/bunny-1.1.8/lib/bunny/session.rb:493:in `block in close_all_channels'
	/home/geo/.rvm/gems/ruby-2.1.1/gems/bunny-1.1.8/lib/bunny/session.rb:492:in `each'
	/home/geo/.rvm/gems/ruby-2.1.1/gems/bunny-1.1.8/lib/bunny/session.rb:492:in `close_all_channels'
	/home/geo/.rvm/gems/ruby-2.1.1/gems/bunny-1.1.8/lib/bunny/session.rb:299:in `close'
	/home/geo/rabbid/rabbid/lib/rabbid/app.rb:43:in `rescue in block in <class:App>'
	/home/geo/rabbid/rabbid/lib/rabbid/app.rb:26:in `block in <class:App>'
	/home/geo/.rvm/gems/ruby-2.1.1/gems/sinatra-1.4.4/lib/sinatra/base.rb:1593:in `call'
	/home/geo/.rvm/gems/ruby-2.1.1/gems/sinatra-1.4.4/lib/sinatra/base.rb:1593:in `block in compile!'
	/home/geo/.rvm/gems/ruby-2.1.1/gems/sinatra-1.4.4/lib/sinatra/base.rb:957:in `[]'
	/home/geo/.rvm/gems/ruby-2.1.1/gems/sinatra-1.4.4/lib/sinatra/base.rb:957:in `block (3 levels) in route!'
	/home/geo/.rvm/gems/ruby-2.1.1/gems/sinatra-1.4.4/lib/sinatra/base.rb:976:in `route_eval'
	/home/geo/.rvm/gems/ruby-2.1.1/gems/sinatra-1.4.4/lib/sinatra/base.rb:957:in `block (2 levels) in route!'
	/home/geo/.rvm/gems/ruby-2.1.1/gems/sinatra-1.4.4/lib/sinatra/base.rb:997:in `block in process_route'
	/home/geo/.rvm/gems/ruby-2.1.1/gems/sinatra-1.4.4/lib/sinatra/base.rb:995:in `catch'
	/home/geo/.rvm/gems/ruby-2.1.1/gems/sinatra-1.4.4/lib/sinatra/base.rb:995:in `process_route'
	/home/geo/.rvm/gems/ruby-2.1.1/gems/sinatra-1.4.4/lib/sinatra/base.rb:955:in `block in route!'
	/home/geo/.rvm/gems/ruby-2.1.1/gems/sinatra-1.4.4/lib/sinatra/base.rb:954:in `each'
	/home/geo/.rvm/gems/ruby-2.1.1/gems/sinatra-1.4.4/lib/sinatra/base.rb:954:in `route!'
	/home/geo/.rvm/gems/ruby-2.1.1/gems/sinatra-1.4.4/lib/sinatra/base.rb:1067:in `block in dispatch!'
	/home/geo/.rvm/gems/ruby-2.1.1/gems/sinatra-1.4.4/lib/sinatra/base.rb:1049:in `block in invoke'
	/home/geo/.rvm/gems/ruby-2.1.1/gems/sinatra-1.4.4/lib/sinatra/base.rb:1049:in `catch'
	/home/geo/.rvm/gems/ruby-2.1.1/gems/sinatra-1.4.4/lib/sinatra/base.rb:1049:in `invoke'
	/home/geo/.rvm/gems/ruby-2.1.1/gems/sinatra-1.4.4/lib/sinatra/base.rb:1064:in `dispatch!'
	/home/geo/.rvm/gems/ruby-2.1.1/gems/sinatra-1.4.4/lib/sinatra/base.rb:889:in `block in call!'
	/home/geo/.rvm/gems/ruby-2.1.1/gems/sinatra-1.4.4/lib/sinatra/base.rb:1049:in `block in invoke'
	/home/geo/.rvm/gems/ruby-2.1.1/gems/sinatra-1.4.4/lib/sinatra/base.rb:1049:in `catch'
	/home/geo/.rvm/gems/ruby-2.1.1/gems/sinatra-1.4.4/lib/sinatra/base.rb:1049:in `invoke'
	/home/geo/.rvm/gems/ruby-2.1.1/gems/sinatra-1.4.4/lib/sinatra/base.rb:889:in `call!'
	/home/geo/.rvm/gems/ruby-2.1.1/gems/sinatra-1.4.4/lib/sinatra/base.rb:877:in `call'
	/home/geo/.rvm/gems/ruby-2.1.1/gems/rack-protection-1.5.2/lib/rack/protection/xss_header.rb:18:in `call'
	/home/geo/.rvm/gems/ruby-2.1.1/gems/rack-protection-1.5.2/lib/rack/protection/path_traversal.rb:16:in `call'
	/home/geo/.rvm/gems/ruby-2.1.1/gems/rack-protection-1.5.2/lib/rack/protection/json_csrf.rb:18:in `call'
	/home/geo/.rvm/gems/ruby-2.1.1/gems/rack-protection-1.5.2/lib/rack/protection/base.rb:50:in `call'
	/home/geo/.rvm/gems/ruby-2.1.1/gems/rack-protection-1.5.2/lib/rack/protection/base.rb:50:in `call'
	/home/geo/.rvm/gems/ruby-2.1.1/gems/rack-protection-1.5.2/lib/rack/protection/frame_options.rb:31:in `call'
	/home/geo/.rvm/gems/ruby-2.1.1/gems/rack-1.5.2/lib/rack/nulllogger.rb:9:in `call'
	/home/geo/.rvm/gems/ruby-2.1.1/gems/rack-1.5.2/lib/rack/head.rb:11:in `call'
	/home/geo/.rvm/gems/ruby-2.1.1/gems/sinatra-1.4.4/lib/sinatra/show_exceptions.rb:21:in `call'
	/home/geo/.rvm/gems/ruby-2.1.1/gems/sinatra-1.4.4/lib/sinatra/base.rb:180:in `call'
	/home/geo/.rvm/gems/ruby-2.1.1/gems/sinatra-1.4.4/lib/sinatra/base.rb:2004:in `call'
	/home/geo/.rvm/gems/ruby-2.1.1/gems/sinatra-1.4.4/lib/sinatra/base.rb:1469:in `block in call'
	/home/geo/.rvm/gems/ruby-2.1.1/gems/sinatra-1.4.4/lib/sinatra/base.rb:1778:in `synchronize'
	/home/geo/.rvm/gems/ruby-2.1.1/gems/sinatra-1.4.4/lib/sinatra/base.rb:1469:in `call'
	/home/geo/.rvm/gems/ruby-2.1.1/gems/thin-1.6.2/lib/thin/connection.rb:86:in `block in pre_process'
	/home/geo/.rvm/gems/ruby-2.1.1/gems/thin-1.6.2/lib/thin/connection.rb:84:in `catch'
	/home/geo/.rvm/gems/ruby-2.1.1/gems/thin-1.6.2/lib/thin/connection.rb:84:in `pre_process'
	/home/geo/.rvm/gems/ruby-2.1.1/gems/thin-1.6.2/lib/thin/connection.rb:53:in `process'
	/home/geo/.rvm/gems/ruby-2.1.1/gems/thin-1.6.2/lib/thin/connection.rb:39:in `receive_data'
	/home/geo/.rvm/gems/ruby-2.1.1/gems/eventmachine-1.0.3/lib/eventmachine.rb:187:in `run_machine'
	/home/geo/.rvm/gems/ruby-2.1.1/gems/eventmachine-1.0.3/lib/eventmachine.rb:187:in `run'
	/home/geo/.rvm/gems/ruby-2.1.1/gems/thin-1.6.2/lib/thin/backends/base.rb:73:in `start'
	/home/geo/.rvm/gems/ruby-2.1.1/gems/thin-1.6.2/lib/thin/server.rb:162:in `start'
	/home/geo/.rvm/gems/ruby-2.1.1/gems/thin-1.6.2/lib/thin/controllers/controller.rb:87:in `start'
	/home/geo/.rvm/gems/ruby-2.1.1/gems/thin-1.6.2/lib/thin/runner.rb:199:in `run_command'
	/home/geo/.rvm/gems/ruby-2.1.1/gems/thin-1.6.2/lib/thin/runner.rb:155:in `run!'
	/home/geo/.rvm/gems/ruby-2.1.1/gems/thin-1.6.2/bin/thin:6:in `<top (required)>'
	/home/geo/.rvm/gems/ruby-2.1.1/bin/thin:23:in `load'
	/home/geo/.rvm/gems/ruby-2.1.1/bin/thin:23:in `<main>'
	/home/geo/.rvm/gems/ruby-2.1.1/bin/ruby_executable_hooks:15:in `eval'
	/home/geo/.rvm/gems/ruby-2.1.1/bin/ruby_executable_hooks:15:in `<main>'
Exiting!
/home/geo/.rvm/gems/ruby-2.1.1/gems/eventmachine-1.0.3/lib/eventmachine.rb:187:in `run_machine': Connection-level error: CONNECTION_FORCED - broker forced connection closure with reason 'shutdown' (Bunny::ConnectionForced)
	from /home/geo/.rvm/gems/ruby-2.1.1/gems/eventmachine-1.0.3/lib/eventmachine.rb:187:in `run'
	from /home/geo/.rvm/gems/ruby-2.1.1/gems/thin-1.6.2/lib/thin/backends/base.rb:73:in `start'
	from /home/geo/.rvm/gems/ruby-2.1.1/gems/thin-1.6.2/lib/thin/server.rb:162:in `start'
	from /home/geo/.rvm/gems/ruby-2.1.1/gems/thin-1.6.2/lib/thin/controllers/controller.rb:87:in `start'
	from /home/geo/.rvm/gems/ruby-2.1.1/gems/thin-1.6.2/lib/thin/runner.rb:199:in `run_command'
	from /home/geo/.rvm/gems/ruby-2.1.1/gems/thin-1.6.2/lib/thin/runner.rb:155:in `run!'
	from /home/geo/.rvm/gems/ruby-2.1.1/gems/thin-1.6.2/bin/thin:6:in `<top (required)>'
	from /home/geo/.rvm/gems/ruby-2.1.1/bin/thin:23:in `load'
	from /home/geo/.rvm/gems/ruby-2.1.1/bin/thin:23:in `<main>'
	from /home/geo/.rvm/gems/ruby-2.1.1/bin/ruby_executable_hooks:15:in `eval'
	from /home/geo/.rvm/gems/ruby-2.1.1/bin/ruby_executable_hooks:15:in `<main>'
